


ARM Macro Assembler    Page 1 


    1 00000000 E000ED08 
                       SCB_VTOR
                               EQU              0xE000ED08
    2 00000000 E000ED04 
                       NVIC_INT_CTRL
                               EQU              0xE000ED04
    3 00000000 E000ED20 
                       NVIC_SYSPRI2
                               EQU              0xE000ED20
    4 00000000 FFFF0000 
                       NVIC_PENDSV_PRI
                               EQU              0xFFFF0000
    5 00000000 10000000 
                       NVIC_PENDSVSET
                               EQU              0x10000000
    6 00000000         
    7 00000000                 AREA             |.text|, CODE, READONLY, ALIGN=
2
    8 00000000                 THUMB
    9 00000000                 REQUIRE8
   10 00000000                 PRESERVE8
   11 00000000         
   12 00000000                 IMPORT           xd_task_switch_interrupt_flag
   13 00000000                 IMPORT           xd_interrupt_from_task
   14 00000000                 IMPORT           xd_interrupt_to_task
   15 00000000         
   16 00000000         xd_interrupt_disable
                               PROC
   17 00000000                 EXPORT           xd_interrupt_disable
   18 00000000 F3EF 8010       MRS              r0, PRIMASK
   19 00000004 B672            CPSID            I
   20 00000006 4770            BX               LR
   21 00000008                 ENDP
   22 00000008         
   23 00000008         xd_interrupt_enable
                               PROC
   24 00000008                 EXPORT           xd_interrupt_enable
   25 00000008 F380 8810       MSR              PRIMASK, r0
   26 0000000C 4770            BX               LR
   27 0000000E                 ENDP
   28 0000000E         
   29 0000000E         xd_context_switch
                               PROC
   30 0000000E                 EXPORT           xd_context_switch
   31 0000000E 4A25            LDR              r2, =xd_task_switch_interrupt_f
lag
   32 00000010 6813            LDR              r3, [r2]
   33 00000012 2B01            CMP              r3, #1
   34 00000014 D004            BEQ              _reswitch
   35 00000016 F04F 0301       MOV              r3, #1
   36 0000001A 6013            STR              r3, [r2]
   37 0000001C 4A22            LDR              r2, =xd_interrupt_from_task
   38 0000001E 6010            STR              r0, [r2]
   39 00000020         
   40 00000020         _reswitch
   41 00000020 4A22            LDR              r2, =xd_interrupt_to_task
   42 00000022 6011            STR              r1, [r2]
   43 00000024         
   44 00000024 4822            LDR              r0, =NVIC_INT_CTRL



ARM Macro Assembler    Page 2 


   45 00000026 F04F 5180       LDR              r1, =NVIC_PENDSVSET
   46 0000002A 6001            STR              r1, [r0]
   47 0000002C 4770            BX               LR
   48 0000002E                 ENDP
   49 0000002E         
   50 0000002E         PendSV_Handler
                               PROC
   51 0000002E                 EXPORT           PendSV_Handler
   52 0000002E F3EF 8210       MRS              r2, PRIMASK
   53 00000032 B672            CPSID            I
   54 00000034         
   55 00000034 481B            LDR              r0, =xd_task_switch_interrupt_f
lag
   56 00000036 6801            LDR              r1, [r0]
   57 00000038 B191            CBZ              r1, pendsv_exit
   58 0000003A         
   59 0000003A F04F 0100       MOV              r1, #0x00
   60 0000003E 6001            STR              r1, [r0]
   61 00000040         
   62 00000040 4819            LDR              r0, =xd_interrupt_from_task
   63 00000042 6801            LDR              r1, [r0]
   64 00000044 B129            CBZ              r1, switch_to_task
   65 00000046         
   66 00000046 F3EF 8109       MRS              r1, psp
   67 0000004A E921 0FF0       STMFD            r1!,  {r4 - r11}
   68 0000004E 6800            LDR              r0, [r0]
   69 00000050 6001            STR              r1, [r0]
   70 00000052         
   71 00000052         switch_to_task
   72 00000052 4916            LDR              r1, =xd_interrupt_to_task
   73 00000054 6809            LDR              r1, [r1]
   74 00000056 6809            LDR              r1, [r1]
   75 00000058         
   76 00000058 E8B1 0FF0       LDMFD            r1!,  {r4 - r11}
   77 0000005C F381 8809       MSR              psp, r1
   78 00000060         
   79 00000060         pendsv_exit
   80 00000060 F382 8810       MSR              PRIMASK, r2
   81 00000064 F04E 0E04       ORR              lr, lr, #0x04
   82 00000068 4770            BX               lr
   83 0000006A                 ENDP
   84 0000006A         
   85 0000006A         xd_context_switch_to
                               PROC
   86 0000006A                 EXPORT           xd_context_switch_to
   87 0000006A 4910            LDR              r1, =xd_interrupt_to_task
   88 0000006C 6008            STR              r0, [r1]
   89 0000006E         
   90 0000006E 490E            LDR              r1, =xd_interrupt_from_task
   91 00000070 F04F 0000       MOV              r0, #0x0
   92 00000074 6008            STR              r0, [r1]
   93 00000076         
   94 00000076 490B            LDR              r1, =xd_task_switch_interrupt_f
lag
   95 00000078 F04F 0001       MOV              r0, #1
   96 0000007C 6008            STR              r0, [r1]
   97 0000007E         
   98 0000007E 480D            LDR              r0, =NVIC_SYSPRI2
   99 00000080 490D            LDR              r1, =NVIC_PENDSV_PRI



ARM Macro Assembler    Page 3 


  100 00000082 F8D0 2000       LDR.W            r2, [r0, #0x00]
  101 00000086 EA41 0102       ORR              r1,r1,r2
  102 0000008A 6001            STR              r1, [r0]
  103 0000008C         
  104 0000008C 4808            LDR              r0, =NVIC_INT_CTRL
  105 0000008E F04F 5180       LDR              r1, =NVIC_PENDSVSET
  106 00000092 6001            STR              r1, [r0]
  107 00000094         
  108 00000094 4809            LDR              r0, =SCB_VTOR
  109 00000096 6800            LDR              r0, [r0]
  110 00000098 6800            LDR              r0, [r0]
  111 0000009A F380 8808       MSR              msp, r0
  112 0000009E         
  113 0000009E B661            CPSIE            F
  114 000000A0 B662            CPSIE            I
  115 000000A2         
  116 000000A2                 ENDP
  117 000000A2         
  118 000000A2         xd_interrupt_task_switch
                               PROC
  119 000000A2                 EXPORT           xd_interrupt_task_switch
  120 000000A2 4770            BX               lr
  121 000000A4                 ENDP
  122 000000A4         
  123 000000A4         
  124 000000A4                 ALIGN            4
  125 000000A4         
  126 000000A4                 END
              00000000 
              00000000 
              00000000 
              E000ED04 
              E000ED20 
              FFFF0000 
              E000ED08 
Command Line: --debug --xref --diag_suppress=9931 --cpu=Cortex-M3 --apcs=interw
ork --depend=alientek_stm32f103_nano\context_rvds.d -oalientek_stm32f103_nano\c
ontext_rvds.o -I.\RTE\_ALIENTEK_STM32F103_NANO -ID:\software\Keil\ARM\CMSIS\5.7
.0\CMSIS\Core\Include -ID:\software\Keil\Keil\STM32F1xx_DFP\2.0.0\Device\Includ
e --predefine="__MICROLIB SETA 1" --predefine="__UVISION_VERSION SETA 530" --pr
edefine="_RTE_ SETA 1" --predefine="STM32F10X_MD SETA 1" --predefine="_RTE_ SET
A 1" --list=context_rvds.lst ..\..\..\..\arch\cortex-m3\context_rvds.s



ARM Macro Assembler    Page 1 Alphabetic symbol ordering
Relocatable symbols

.text 00000000

Symbol: .text
   Definitions
      At line 7 in file ..\..\..\..\arch\cortex-m3\context_rvds.s
   Uses
      None
Comment: .text unused
PendSV_Handler 0000002E

Symbol: PendSV_Handler
   Definitions
      At line 50 in file ..\..\..\..\arch\cortex-m3\context_rvds.s
   Uses
      At line 51 in file ..\..\..\..\arch\cortex-m3\context_rvds.s
Comment: PendSV_Handler used once
_reswitch 00000020

Symbol: _reswitch
   Definitions
      At line 40 in file ..\..\..\..\arch\cortex-m3\context_rvds.s
   Uses
      At line 34 in file ..\..\..\..\arch\cortex-m3\context_rvds.s
Comment: _reswitch used once
pendsv_exit 00000060

Symbol: pendsv_exit
   Definitions
      At line 79 in file ..\..\..\..\arch\cortex-m3\context_rvds.s
   Uses
      At line 57 in file ..\..\..\..\arch\cortex-m3\context_rvds.s
Comment: pendsv_exit used once
switch_to_task 00000052

Symbol: switch_to_task
   Definitions
      At line 71 in file ..\..\..\..\arch\cortex-m3\context_rvds.s
   Uses
      At line 64 in file ..\..\..\..\arch\cortex-m3\context_rvds.s
Comment: switch_to_task used once
xd_context_switch 0000000E

Symbol: xd_context_switch
   Definitions
      At line 29 in file ..\..\..\..\arch\cortex-m3\context_rvds.s
   Uses
      At line 30 in file ..\..\..\..\arch\cortex-m3\context_rvds.s
Comment: xd_context_switch used once
xd_context_switch_to 0000006A

Symbol: xd_context_switch_to
   Definitions
      At line 85 in file ..\..\..\..\arch\cortex-m3\context_rvds.s
   Uses
      At line 86 in file ..\..\..\..\arch\cortex-m3\context_rvds.s
Comment: xd_context_switch_to used once
xd_interrupt_disable 00000000

Symbol: xd_interrupt_disable



ARM Macro Assembler    Page 2 Alphabetic symbol ordering
Relocatable symbols

   Definitions
      At line 16 in file ..\..\..\..\arch\cortex-m3\context_rvds.s
   Uses
      At line 17 in file ..\..\..\..\arch\cortex-m3\context_rvds.s
Comment: xd_interrupt_disable used once
xd_interrupt_enable 00000008

Symbol: xd_interrupt_enable
   Definitions
      At line 23 in file ..\..\..\..\arch\cortex-m3\context_rvds.s
   Uses
      At line 24 in file ..\..\..\..\arch\cortex-m3\context_rvds.s
Comment: xd_interrupt_enable used once
xd_interrupt_task_switch 000000A2

Symbol: xd_interrupt_task_switch
   Definitions
      At line 118 in file ..\..\..\..\arch\cortex-m3\context_rvds.s
   Uses
      At line 119 in file ..\..\..\..\arch\cortex-m3\context_rvds.s
Comment: xd_interrupt_task_switch used once
10 symbols



ARM Macro Assembler    Page 1 Alphabetic symbol ordering
Absolute symbols

NVIC_INT_CTRL E000ED04

Symbol: NVIC_INT_CTRL
   Definitions
      At line 2 in file ..\..\..\..\arch\cortex-m3\context_rvds.s
   Uses
      At line 44 in file ..\..\..\..\arch\cortex-m3\context_rvds.s
      At line 104 in file ..\..\..\..\arch\cortex-m3\context_rvds.s

NVIC_PENDSVSET 10000000

Symbol: NVIC_PENDSVSET
   Definitions
      At line 5 in file ..\..\..\..\arch\cortex-m3\context_rvds.s
   Uses
      At line 45 in file ..\..\..\..\arch\cortex-m3\context_rvds.s
      At line 105 in file ..\..\..\..\arch\cortex-m3\context_rvds.s

NVIC_PENDSV_PRI FFFF0000

Symbol: NVIC_PENDSV_PRI
   Definitions
      At line 4 in file ..\..\..\..\arch\cortex-m3\context_rvds.s
   Uses
      At line 99 in file ..\..\..\..\arch\cortex-m3\context_rvds.s
Comment: NVIC_PENDSV_PRI used once
NVIC_SYSPRI2 E000ED20

Symbol: NVIC_SYSPRI2
   Definitions
      At line 3 in file ..\..\..\..\arch\cortex-m3\context_rvds.s
   Uses
      At line 98 in file ..\..\..\..\arch\cortex-m3\context_rvds.s
Comment: NVIC_SYSPRI2 used once
SCB_VTOR E000ED08

Symbol: SCB_VTOR
   Definitions
      At line 1 in file ..\..\..\..\arch\cortex-m3\context_rvds.s
   Uses
      At line 108 in file ..\..\..\..\arch\cortex-m3\context_rvds.s
Comment: SCB_VTOR used once
5 symbols



ARM Macro Assembler    Page 1 Alphabetic symbol ordering
External symbols

xd_interrupt_from_task 00000000

Symbol: xd_interrupt_from_task
   Definitions
      At line 13 in file ..\..\..\..\arch\cortex-m3\context_rvds.s
   Uses
      At line 37 in file ..\..\..\..\arch\cortex-m3\context_rvds.s
      At line 62 in file ..\..\..\..\arch\cortex-m3\context_rvds.s
      At line 90 in file ..\..\..\..\arch\cortex-m3\context_rvds.s

xd_interrupt_to_task 00000000

Symbol: xd_interrupt_to_task
   Definitions
      At line 14 in file ..\..\..\..\arch\cortex-m3\context_rvds.s
   Uses
      At line 41 in file ..\..\..\..\arch\cortex-m3\context_rvds.s
      At line 72 in file ..\..\..\..\arch\cortex-m3\context_rvds.s
      At line 87 in file ..\..\..\..\arch\cortex-m3\context_rvds.s

xd_task_switch_interrupt_flag 00000000

Symbol: xd_task_switch_interrupt_flag
   Definitions
      At line 12 in file ..\..\..\..\arch\cortex-m3\context_rvds.s
   Uses
      At line 31 in file ..\..\..\..\arch\cortex-m3\context_rvds.s
      At line 55 in file ..\..\..\..\arch\cortex-m3\context_rvds.s
      At line 94 in file ..\..\..\..\arch\cortex-m3\context_rvds.s

3 symbols
354 symbols in table
